Sat Jun 28 14:57:40 1997 :: Please wait... booting EnvyMud...
Sat Jun 28 14:57:40 1997 :: Booting database...
Sat Jun 28 14:57:40 1997 :: Initializing random Generator
Sat Jun 28 14:57:40 1997 :: Setting time and weather...
Sat Jun 28 14:57:40 1997 :: Assigning gsn's for skills
Sat Jun 28 14:57:40 1997 :: Loading socials
Sat Jun 28 14:57:40 1997 :: Reading area files...
Sat Jun 28 14:57:40 1997 :: help.are
Sat Jun 28 14:57:40 1997 :: olc.hlp
Sat Jun 28 14:57:40 1997 :: limbo.are
Sat Jun 28 14:57:40 1997 :: arena.are
Sat Jun 28 14:57:40 1997 :: smurf.are
Sat Jun 28 14:57:40 1997 :: shaolin.are
Sat Jun 28 14:57:40 1997 :: ocean.are
Sat Jun 28 14:57:40 1997 :: purgator.are
Sat Jun 28 14:57:40 1997 :: plains.are
Sat Jun 28 14:57:40 1997 :: ofcol2.are
Sat Jun 28 14:57:40 1997 :: olympus.are
Sat Jun 28 14:57:40 1997 :: air.are
Sat Jun 28 14:57:40 1997 :: shire.are
Sat Jun 28 14:57:40 1997 :: MOBProgs/1119.prg
Sat Jun 28 14:57:40 1997 :: gods.are
Sat Jun 28 14:57:40 1997 :: hitower.are
Sat Jun 28 14:57:40 1997 :: gnome.are
Sat Jun 28 14:57:40 1997 :: wyvern.are
Sat Jun 28 14:57:40 1997 :: MOBProgs/1704.prg
Sat Jun 28 14:57:40 1997 :: haven.are
Sat Jun 28 14:57:40 1997 :: astral.are
Sat Jun 28 14:57:40 1997 :: catacomb.are
Sat Jun 28 14:57:40 1997 :: hood.are
Sat Jun 28 14:57:40 1997 :: draconia.are
Sat Jun 28 14:57:40 1997 :: mahntor.are
Sat Jun 28 14:57:40 1997 :: ultima.are
Sat Jun 28 14:57:40 1997 :: MOBProgs/2415.prg
Sat Jun 28 14:57:40 1997 :: MOBProgs/2468.prg
Sat Jun 28 14:57:40 1997 :: pyramid.are
Sat Jun 28 14:57:40 1997 :: trollden.are
Sat Jun 28 14:57:40 1997 :: firenewt.are
Sat Jun 28 14:57:40 1997 :: midgaard.are
Sat Jun 28 14:57:40 1997 :: MOBProgs/3001.prg
Sat Jun 28 14:57:40 1997 :: MOBProgs/3002.prg
Sat Jun 28 14:57:40 1997 :: MOBProgs/3004.prg
Sat Jun 28 14:57:40 1997 :: MOBProgs/3060.prg
Sat Jun 28 14:57:40 1997 :: MOBProgs/3061.prg
Sat Jun 28 14:57:40 1997 :: MOBProgs/3062.prg
Sat Jun 28 14:57:40 1997 :: MOBProgs/3063.prg
Sat Jun 28 14:57:40 1997 :: MOBProgs/3065.prg
Sat Jun 28 14:57:40 1997 :: MOBProgs/3067.prg
Sat Jun 28 14:57:40 1997 :: MOBProgs/3068.prg
Sat Jun 28 14:57:40 1997 :: MOBProgs/3069.prg
Sat Jun 28 14:57:40 1997 :: MOBProgs/3144.prg
Sat Jun 28 14:57:40 1997 :: chapel.are
Sat Jun 28 14:57:40 1997 :: midennir.are
Sat Jun 28 14:57:40 1997 :: grave.are
Sat Jun 28 14:57:40 1997 :: school.are
Sat Jun 28 14:57:40 1997 :: rats.are
Sat Jun 28 14:57:40 1997 :: moria.are
Sat Jun 28 14:57:40 1997 :: circus.are
Sat Jun 28 14:57:40 1997 :: juargan.are
Sat Jun 28 14:57:40 1997 :: eastern.are
Sat Jun 28 14:57:40 1997 :: drow.are
Sat Jun 28 14:57:40 1997 :: thalos.are
Sat Jun 28 14:57:40 1997 :: mirror.are
Sat Jun 28 14:57:40 1997 :: MOBProgs/5332.prg
Sat Jun 28 14:57:40 1997 :: ofcol.are
Sat Jun 28 14:57:40 1997 :: arachnos.are
Sat Jun 28 14:57:40 1997 :: haon.are
Sat Jun 28 14:57:40 1997 :: dwarven.are
Sat Jun 28 14:57:40 1997 :: MOBProgs/6504.prg
Sat Jun 28 14:57:40 1997 :: daycare.are
Sat Jun 28 14:57:40 1997 :: sewer.are
Sat Jun 28 14:57:40 1997 :: valley.are
Sat Jun 28 14:57:40 1997 :: redferne.are
Sat Jun 28 14:57:40 1997 :: mega1.are
Sat Jun 28 14:57:40 1997 :: nirvana.are
Sat Jun 28 14:57:40 1997 :: castle.are
Sat Jun 28 14:57:40 1997 :: marsh.are
Sat Jun 28 14:57:40 1997 :: dream.are
Sat Jun 28 14:57:40 1997 :: grove.are
Sat Jun 28 14:57:40 1997 :: dylan.are
Sat Jun 28 14:57:40 1997 :: canyon.are
Sat Jun 28 14:57:40 1997 :: galaxy.are
Sat Jun 28 14:57:40 1997 :: mobfact.are
Sat Jun 28 14:57:40 1997 :: cult.are
Sat Jun 28 14:57:40 1997 :: tree.are
Sat Jun 28 14:57:40 1997 :: crystal.are
Sat Jun 28 14:57:40 1997 :: solace.are
Sat Jun 28 14:57:40 1997 :: descent.are
Sat Jun 28 14:57:40 1997 :: murky.are
Sat Jun 28 14:57:40 1997 :: highland.are
Sat Jun 28 14:57:40 1997 :: goblins.are
Sat Jun 28 14:57:40 1997 :: casino.are
Sat Jun 28 14:57:40 1997 :: Fixing exits...
Sat Jun 28 14:57:40 1997 :: [*****] BUG: Fix_exits: 501:2 -> 500:0 -> 503.
Sat Jun 28 14:57:40 1997 :: [*****] BUG: Fix_exits: 502:2 -> 500:0 -> 503.
Sat Jun 28 14:57:40 1997 :: [*****] BUG: Fix_exits: 10745:0 -> 10746:2 -> 10748.
Sat Jun 28 14:57:40 1997 :: [*****] BUG: Fix_exits: 10746:2 -> 10748:0 -> 10749.
Sat Jun 28 14:57:40 1997 :: [*****] BUG: Fix_exits: 10748:0 -> 10749:2 -> 10745.
Sat Jun 28 14:57:40 1997 :: [*****] BUG: Fix_exits: 10748:2 -> 10743:0 -> 10745.
Sat Jun 28 14:57:40 1997 :: [*****] BUG: Fix_exits: 10749:2 -> 10745:0 -> 10746.
Sat Jun 28 14:57:40 1997 :: [*****] BUG: Fix_exits: 10758:0 -> 10766:2 -> 10767.
Sat Jun 28 14:57:40 1997 :: [*****] BUG: Fix_exits: 10758:2 -> 10766:0 -> 10767.
Sat Jun 28 14:57:40 1997 :: [*****] BUG: Fix_exits: 10758:4 -> 10766:5 -> 10771.
Sat Jun 28 14:57:40 1997 :: [*****] BUG: Fix_exits: 10763:0 -> 10767:2 -> 10766.
Sat Jun 28 14:57:40 1997 :: [*****] BUG: Fix_exits: 10763:2 -> 10767:0 -> 10766.
Sat Jun 28 14:57:40 1997 :: [*****] BUG: Fix_exits: 10763:5 -> 10767:4 -> 10771.
Sat Jun 28 14:57:40 1997 :: [*****] BUG: Fix_exits: 10770:1 -> 10771:3 -> 10766.
Sat Jun 28 14:57:40 1997 :: [*****] BUG: Fix_exits: 10770:3 -> 10771:1 -> 10767.
Sat Jun 28 14:57:40 1997 :: [*****] BUG: Fix_exits: 10770:4 -> 10771:5 -> 10767.
Sat Jun 28 14:57:40 1997 :: [*****] BUG: Fix_exits: 10770:5 -> 10771:4 -> 10766.
Sat Jun 28 14:57:40 1997 :: [*****] BUG: Fix_exits: 10771:0 -> 10770:2 -> 10769.
Sat Jun 28 14:57:40 1997 :: [*****] BUG: Fix_exits: 2605:4 -> 2606:5 -> 2608.
Sat Jun 28 14:57:40 1997 :: [*****] BUG: Fix_exits: 2617:2 -> 2619:0 -> 2618.
Sat Jun 28 14:57:40 1997 :: Updating areas...
Sat Jun 28 14:57:40 1997 :: Loading notes...
Sat Jun 28 14:57:40 1997 :: Loading disabled commands...
Sat Jun 28 14:57:40 1997 :: Loading ban's
Sat Jun 28 14:57:40 1997 :: Loading bank info
Sat Jun 28 14:57:40 1997 :: Loading downtime
Sat Jun 28 14:57:40 1997 :: EnvyMud is ready to rock on port 1234.
Sat Jun 28 14:57:50 1997 :: Sock.sinaddr:  127.0.0.1
Sat Jun 28 14:57:51 1997 :: Canth@localhost has connected.
Sat Jun 28 14:57:52 1997 :: Log Canth(@3700): sc
Sat Jun 28 14:57:56 1997 :: Log Canth(@3700): inv
Sat Jun 28 14:58:06 1997 :: Log Canth(@3700): sc
Sat Jun 28 14:58:27 1997 :: Log Canth(@3700): quit
Sat Jun 28 14:58:27 1997 :: Canth has quit.
Sat Jun 28 14:59:37 1997 :: Sock.sinaddr:  127.0.0.1
Sat Jun 28 14:59:41 1997 :: Canth@localhost has connected.
Sat Jun 28 15:00:22 1997 :: Log Canth(@3700): quit
Sat Jun 28 15:00:22 1997 :: Canth has quit.
Sat Jun 28 15:00:41 1997 :: Sock.sinaddr:  127.0.0.1
Sat Jun 28 15:00:49 1997 :: Canth@localhost has connected.
Sat Jun 28 15:00:52 1997 :: Log Canth(@3700): sc
Sat Jun 28 15:01:37 1997 :: Log Canth(@3700): quit
Sat Jun 28 15:01:37 1997 :: Canth has quit.
Sat Jun 28 15:01:46 1997 :: Sock.sinaddr:  127.0.0.1
Sat Jun 28 15:01:49 1997 :: Canth@localhost has connected.
Sat Jun 28 15:01:50 1997 :: Log Canth(@3700): sc
Sat Jun 28 15:02:11 1997 :: Log Canth(@3700): quit
Sat Jun 28 15:02:11 1997 :: Canth has quit.
Sat Jun 28 15:02:22 1997 :: Sock.sinaddr:  127.0.0.1
Sat Jun 28 15:02:26 1997 :: Canth@localhost has connected.
Sat Jun 28 15:02:27 1997 :: Log Canth(@3700): inv
Sat Jun 28 15:02:32 1997 :: Log Canth(@3700): sc
Sat Jun 28 15:02:34 1997 :: Log Canth(@3700): wear all
Sat Jun 28 15:02:39 1997 :: Log Canth(@3700): sc
Sat Jun 28 15:03:07 1997 :: Log Canth(@3700): wear ball
Sat Jun 28 15:03:09 1997 :: Log Canth(@3700): eat ball
Sat Jun 28 15:03:12 1997 :: Log Canth(@3700): quit
Sat Jun 28 15:03:12 1997 :: Canth has quit.
Sat Jun 28 15:03:19 1997 :: Sock.sinaddr:  127.0.0.1
Sat Jun 28 15:03:22 1997 :: Canth@localhost has connected.
Sat Jun 28 15:03:24 1997 :: Log Canth(@3700): inv
Sat Jun 28 15:03:26 1997 :: Log Canth(@3700): eq
Sat Jun 28 15:03:30 1997 :: Log Canth(@3700): remove all
Sat Jun 28 15:03:31 1997 :: Log Canth(@3700): inv
Sat Jun 28 15:03:33 1997 :: Log Canth(@3700): sc
Sat Jun 28 15:03:39 1997 :: Log Canth(@3700): ostat ball
Sat Jun 28 15:03:43 1997 :: Log Canth(@3700): lure ball
Sat Jun 28 15:03:49 1997 :: Log Canth(@3700): ident ball
Sat Jun 28 15:03:52 1997 :: Log Canth(@3700): identify ball
Sat Jun 28 15:03:55 1997 :: Log Canth(@3700): lore
Sat Jun 28 15:04:01 1997 :: Log Canth(@3700): eat watch
Sat Jun 28 15:04:03 1997 :: Log Canth(@3700): quit
Sat Jun 28 15:04:03 1997 :: Canth has quit.
Sat Jun 28 15:04:11 1997 :: Sock.sinaddr:  127.0.0.1
Sat Jun 28 15:04:15 1997 :: Canth@localhost has connected.
Sat Jun 28 15:04:17 1997 :: Log Canth(@3700): inv
Sat Jun 28 15:04:20 1997 :: Log Canth(@3700): lore ball
Sat Jun 28 15:04:34 1997 :: Log Canth(@3700): cast 'identify' ball
Sat Jun 28 15:04:40 1997 :: Log Canth(@3700): eat watch
Sat Jun 28 15:04:42 1997 :: Log Canth(@3700): quit
Sat Jun 28 15:04:42 1997 :: Canth has quit.
Sat Jun 28 15:04:49 1997 :: Sock.sinaddr:  127.0.0.1
Sat Jun 28 15:04:52 1997 :: Canth@localhost has connected.
Sat Jun 28 15:04:54 1997 :: Log Canth(@3700): inv
Sat Jun 28 15:04:57 1997 :: Log Canth(@3700): lore suit
Sat Jun 28 15:05:21 1997 :: Log Canth(@3700): eat suit
Sat Jun 28 15:05:23 1997 :: Log Canth(@3700): quit
Sat Jun 28 15:05:23 1997 :: Canth has quit.
Sat Jun 28 15:05:30 1997 :: Sock.sinaddr:  127.0.0.1
Sat Jun 28 15:05:33 1997 :: Canth@localhost has connected.
Sat Jun 28 15:05:34 1997 :: Log Canth(@3700): inv
Sat Jun 28 15:05:36 1997 :: Log Canth(@3700): lore suit
Sat Jun 28 15:05:42 1997 :: Log Canth(@3700): wear suit
Sat Jun 28 15:05:47 1997 :: Log Canth(@3700): lore ring
Sat Jun 28 15:06:03 1997 :: Log Canth(@3700): wear ring
Sat Jun 28 15:06:06 1997 :: Log Canth(@3700): eat ball
Sat Jun 28 15:06:08 1997 :: Log Canth(@3700): quit
Sat Jun 28 15:06:08 1997 :: Canth has quit.
Sat Jun 28 15:06:15 1997 :: Sock.sinaddr:  127.0.0.1
Sat Jun 28 15:06:18 1997 :: Canth@localhost has connected.
Sat Jun 28 15:06:20 1997 :: Log Canth(@3700): inv
Sat Jun 28 15:06:22 1997 :: Log Canth(@3700): lore watch
Sat Jun 28 15:06:29 1997 :: Log Canth(@3700): wear watch
Sat Jun 28 15:06:37 1997 :: Log Canth(@3700): inv
Sat Jun 28 15:06:40 1997 :: Log Canth(@3700): lore ball
Sat Jun 28 15:06:55 1997 :: Log Canth(@3700): go grocer
Sat Jun 28 15:06:57 1997 :: Log Canth(@3010): value ball
Sat Jun 28 15:07:02 1997 :: Log Canth(@3010): go 3700
Sat Jun 28 15:07:04 1997 :: Log Canth(@3700): eat ball
Sat Jun 28 15:07:05 1997 :: Log Canth(@3700): quit
Sat Jun 28 15:07:05 1997 :: Canth has quit.
Sat Jun 28 15:07:12 1997 :: Sock.sinaddr:  127.0.0.1
Sat Jun 28 15:07:15 1997 :: Canth@localhost has connected.
Sat Jun 28 15:07:17 1997 :: Log Canth(@3700): inv
Sat Jun 28 15:07:18 1997 :: Log Canth(@3700): eq
Sat Jun 28 15:07:25 1997 :: Log Canth(@3700): cast 'detect magic'
Sat Jun 28 15:07:28 1997 :: Log Canth(@3700): eq
Sat Jun 28 15:07:31 1997 :: Log Canth(@3700): inv
Sat Jun 28 15:07:42 1997 :: Log Canth(@3700): wear watch
Sat Jun 28 15:07:44 1997 :: Log Canth(@3700): quit
Sat Jun 28 15:07:44 1997 :: Canth has quit.
Sat Jun 28 15:07:54 1997 :: Sock.sinaddr:  127.0.0.1
Sat Jun 28 15:07:57 1997 :: Canth@localhost has connected.
Sat Jun 28 15:08:01 1997 :: Log Canth(@3700): go armo
Sat Jun 28 15:08:06 1997 :: Log Canth(@8243): list
Sat Jun 28 15:08:12 1997 :: Log Canth(@8243): go 3700
Sat Jun 28 15:08:13 1997 :: Log Canth(@3700): quit
Sat Jun 28 15:08:13 1997 :: Canth has quit.
Sat Jun 28 15:08:20 1997 :: Sock.sinaddr:  127.0.0.1
Sat Jun 28 15:08:24 1997 :: Canth@localhost has connected.
Sat Jun 28 15:08:26 1997 :: Log Canth(@3700): lore hat
Sat Jun 28 15:08:31 1997 :: Log Canth(@3700): wear hat
Sat Jun 28 15:08:34 1997 :: Log Canth(@3700): eq
Sat Jun 28 15:08:40 1997 :: Log Canth(@3700): inv
Sat Jun 28 15:08:49 1997 :: Log Canth(@3700): go armorer
Sat Jun 28 15:08:54 1997 :: Log Canth(@8221): go armourer
Sat Jun 28 15:08:58 1997 :: Log Canth(@3020): quit
Sat Jun 28 15:08:58 1997 :: Canth has quit.
Sat Jun 28 15:09:06 1997 :: Sock.sinaddr:  127.0.0.1
Sat Jun 28 15:09:09 1997 :: Canth@localhost has connected.
Sat Jun 28 15:09:11 1997 :: Log Canth(@3020): list
Sat Jun 28 15:09:14 1997 :: Log Canth(@3020): value ball
Sat Jun 28 15:09:25 1997 :: Log Canth(@3020): go 3700
Sat Jun 28 15:09:28 1997 :: Log Canth(@3700): wear watch
Sat Jun 28 15:09:32 1997 :: Log Canth(@3700): eq
Sat Jun 28 15:09:38 1997 :: Log Canth(@3700): eat watch
Sat Jun 28 15:09:39 1997 :: Log Canth(@3700): quit
Sat Jun 28 15:09:39 1997 :: Canth has quit.
Sat Jun 28 15:09:46 1997 :: Sock.sinaddr:  127.0.0.1
Sat Jun 28 15:09:49 1997 :: Canth@localhost has connected.
Sat Jun 28 15:09:53 1997 :: Log Canth(@3700): inv
Sat Jun 28 15:09:56 1997 :: Log Canth(@3700): wear ring
Sat Jun 28 15:09:58 1997 :: Log Canth(@3700): eq
Sat Jun 28 15:10:07 1997 :: Log Canth(@3700): eat ball
Sat Jun 28 15:10:13 1997 :: Log Canth(@3700): quit
Sat Jun 28 15:10:13 1997 :: Canth has quit.
Sat Jun 28 15:10:22 1997 :: Sock.sinaddr:  127.0.0.1
Sat Jun 28 15:10:26 1997 :: Canth@localhost has connected.
Sat Jun 28 15:10:28 1997 :: Log Canth(@3700): wear ball
Sat Jun 28 15:10:31 1997 :: Log Canth(@3700): inv
Sat Jun 28 15:10:32 1997 :: Log Canth(@3700): eq
Sat Jun 28 15:10:51 1997 :: Log Canth(@3700): wear ball
Sat Jun 28 15:10:53 1997 :: Log Canth(@3700): lkight ball
Sat Jun 28 15:10:55 1997 :: Log Canth(@3700): light ball
Sat Jun 28 15:11:00 1997 :: Log Canth(@3700): hold ball
Sat Jun 28 15:11:02 1997 :: Log Canth(@3700): eat ball
Sat Jun 28 15:11:04 1997 :: Log Canth(@3700): inv
Sat Jun 28 15:11:05 1997 :: Log Canth(@3700): eq
Sat Jun 28 15:11:07 1997 :: Log Canth(@3700): sc
Sat Jun 28 15:11:09 1997 :: Log Canth(@3700): quit
Sat Jun 28 15:11:09 1997 :: Canth has quit.
Sat Jun 28 15:11:29 1997 :: Sock.sinaddr:  127.0.0.1
Sat Jun 28 15:11:32 1997 :: Canth@localhost has connected.
Sat Jun 28 15:11:34 1997 :: Log Canth(@3700): inv
Sat Jun 28 15:11:35 1997 :: Log Canth(@3700): sc
Sat Jun 28 15:11:37 1997 :: Log Canth(@3700): eq
Sat Jun 28 15:11:39 1997 :: Log Canth(@3700): sc
Sat Jun 28 15:11:40 1997 :: Log Canth(@3700): sc
Sat Jun 28 15:11:41 1997 :: Log Canth(@3700): sc
Sat Jun 28 15:11:45 1997 :: Log Canth(@3700): eq
Sat Jun 28 15:12:12 1997 :: Log Canth(@3700): eat hat
Sat Jun 28 15:17:52 1997 :: Log Canth(@3700): reboot
Sat Jun 28 15:17:52 1997 :: Log Canth(@3700): asave changed
Sat Jun 28 15:17:52 1997 :: Log Canth(@3700): quit
Sat Jun 28 15:17:52 1997 :: Canth has quit.
Sat Jun 28 15:17:52 1997 :: Normal termination of game.
